Added Component: Designator=Q1(SOT23_BOTTOM)
Added Component: Designator=Q2(SOT23_BOTTOM)
Added Component: Designator=Q3(SOT23_BOTTOM)
Added Component: Designator=Q4(SOT23_BOTTOM)
Added Component: Designator=Q5(SOT23_BOTTOM)
Added Component: Designator=Q6(SOT23_BOTTOM)
Added Component: Designator=Q7(SOT23_BOTTOM)
Added Component: Designator=Q8(SOT23_BOTTOM)
Added Component: Designator=Q9(SOT23_BOTTOM)
Added Component: Designator=Q10(SOT23_BOTTOM)
Added Component: Designator=Q11(SOT23_BOTTOM)
Added Component: Designator=Q12(SOT23_BOTTOM)
Added Component: Designator=R27(R-0805_N_WAVE)
Added Component: Designator=R28(R-0805_N_WAVE)
Added Component: Designator=R29(R-0805_N_WAVE)
Added Component: Designator=R30(R-0805_N_WAVE)
Added Component: Designator=R31(R-0805_N_WAVE)
Added Component: Designator=R32(R-0805_N_WAVE)
Added Component: Designator=R33(R-0805_N_WAVE)
Added Component: Designator=R34(R-0805_N_WAVE)
Added Component: Designator=R35(R-0805_N_WAVE)
Added Component: Designator=SW1(ZIPPY-TS)
Added Component: Designator=SW2(ZIPPY-TS)
Added Component: Designator=SW3(ZIPPY-TS)
Added Component: Designator=SW4(ZIPPY-TS)
Added Component: Designator=SW5(ZIPPY-TS)
Added Pin To Net: NetName=NetQ1_1 Pin=Q1-1
Added Pin To Net: NetName=GND Pin=Q1-2
Added Pin To Net: NetName=DIG1 Pin=Q1-3
Added Pin To Net: NetName=NetQ2_1 Pin=Q2-1
Added Pin To Net: NetName=GND Pin=Q2-2
Added Pin To Net: NetName=DIG2 Pin=Q2-3
Added Pin To Net: NetName=NetQ3_1 Pin=Q3-1
Added Pin To Net: NetName=GND Pin=Q3-2
Added Pin To Net: NetName=DIG3 Pin=Q3-3
Added Pin To Net: NetName=GND Pin=Q4-2
Added Pin To Net: NetName=GND Pin=Q5-2
Added Pin To Net: NetName=GND Pin=Q6-2
Added Pin To Net: NetName=GND Pin=Q7-2
Added Pin To Net: NetName=GND Pin=Q9-2
Added Pin To Net: NetName=GND Pin=Q10-2
Added Pin To Net: NetName=GND Pin=Q11-2
Added Pin To Net: NetName=GND Pin=Q12-2
Added Pin To Net: NetName=LED1 Pin=R27-2
Added Pin To Net: NetName=LED2 Pin=R28-2
Added Pin To Net: NetName=LED3 Pin=R29-2
Added Pin To Net: NetName=LED4 Pin=R30-2
Added Pin To Net: NetName=NetR3_1 Pin=SW1-1
Added Pin To Net: NetName=GND Pin=SW1-2
Added Pin To Net: NetName=NetR2_1 Pin=SW2-1
Added Pin To Net: NetName=GND Pin=SW2-2
Added Pin To Net: NetName=NetR4_1 Pin=SW3-1
Added Pin To Net: NetName=GND Pin=SW3-2
Added Pin To Net: NetName=NetR5_1 Pin=SW4-1
Added Pin To Net: NetName=GND Pin=SW4-2
Added Pin To Net: NetName=NetR9_1 Pin=SW5-1
Added Pin To Net: NetName=GND Pin=SW5-2
Added Net: Name=LED1_DR
Added Pin To Net: NetName=LED1_DRV Pin=Q4-3
Added Net: Name=LED1_DRV
Added Net: Name=LED2_DR
Added Pin To Net: NetName=LED2_DRV Pin=Q5-3
Added Net: Name=LED2_DRV
Added Net: Name=LED3_DR
Added Pin To Net: NetName=LED3_DRV Pin=Q6-3
Added Net: Name=LED3_DRV
Added Net: Name=LED4_DR
Added Pin To Net: NetName=LED4_DRV Pin=Q7-3
Added Net: Name=LED4_DRV
Added Net: Name=LED5_DR
Added Pin To Net: NetName=LED5_DRV Pin=Q8-3
Added Net: Name=LED5_DRV
Added Pin To Net: NetName=LED5 Pin=R31-2
Added Pin To Net: NetName=LED5 Pin=U1-39
Added Net: Name=LED5
Added Net: Name=LED6_DR
Added Pin To Net: NetName=LED6_DRV Pin=Q9-3
Added Net: Name=LED6_DRV
Added Pin To Net: NetName=LED6 Pin=R32-2
Added Pin To Net: NetName=LED6 Pin=U1-53
Added Net: Name=LED6
Added Net: Name=LED7_DR
Added Pin To Net: NetName=LED7_DRV Pin=Q10-3
Added Net: Name=LED7_DRV
Added Pin To Net: NetName=LED7 Pin=R33-2
Added Pin To Net: NetName=LED7 Pin=U1-54
Added Net: Name=LED7
Added Net: Name=LED8_DR
Added Pin To Net: NetName=LED8_DRV Pin=Q11-3
Added Net: Name=LED8_DRV
Added Pin To Net: NetName=LED8 Pin=R34-2
Added Pin To Net: NetName=LED8 Pin=U1-58
Added Net: Name=LED8
Added Net: Name=LED9_DR
Added Pin To Net: NetName=LED9_DRV Pin=Q12-3
Added Net: Name=LED9_DRV
Added Pin To Net: NetName=LED9 Pin=R35-2
Added Pin To Net: NetName=LED9 Pin=U1-3
Added Net: Name=LED9
Added Pin To Net: NetName=NetQ4_1 Pin=Q4-1
Added Pin To Net: NetName=NetQ4_1 Pin=R27-1
Added Net: Name=NetQ4_1
Added Pin To Net: NetName=NetQ5_1 Pin=Q5-1
Added Pin To Net: NetName=NetQ5_1 Pin=R28-1
Added Net: Name=NetQ5_1
Added Pin To Net: NetName=NetQ6_1 Pin=Q6-1
Added Pin To Net: NetName=NetQ6_1 Pin=R29-1
Added Net: Name=NetQ6_1
Added Pin To Net: NetName=NetQ7_1 Pin=Q7-1
Added Pin To Net: NetName=NetQ7_1 Pin=R30-1
Added Net: Name=NetQ7_1
Added Pin To Net: NetName=NetQ8_1 Pin=Q8-1
Added Pin To Net: NetName=NetQ8_1 Pin=R31-1
Added Net: Name=NetQ8_1
Added Pin To Net: NetName=NetQ9_1 Pin=Q9-1
Added Pin To Net: NetName=NetQ9_1 Pin=R32-1
Added Net: Name=NetQ9_1
Added Pin To Net: NetName=NetQ10_1 Pin=Q10-1
Added Pin To Net: NetName=NetQ10_1 Pin=R33-1
Added Net: Name=NetQ10_1
Added Pin To Net: NetName=NetQ11_1 Pin=Q11-1
Added Pin To Net: NetName=NetQ11_1 Pin=R34-1
Added Net: Name=NetQ11_1
Added Pin To Net: NetName=NetQ12_1 Pin=Q12-1
Added Pin To Net: NetName=NetQ12_1 Pin=R35-1
Added Net: Name=NetQ12_1
Change Class Name : Old Net Name=FreidoraAireCuki New Net Name=FreidoraAireCukiDigLeds
Added Member To Class: ClassName=FreidoraAireCukiMicro Member=Component CN4 HEADER 6X2
Added Member To Class: ClassName=FreidoraAireCukiMicro Member=Component CN5 HEADER 6X2
Added Member To Class: ClassName=FreidoraAireCukiDigLeds Member=Component Q1 BC847
Added Member To Class: ClassName=FreidoraAireCukiDigLeds Member=Component Q2 BC847
Added Member To Class: ClassName=FreidoraAireCukiDigLeds Member=Component Q3 BC847
Added Member To Class: ClassName=FreidoraAireCukiMicro Member=Component Q4 BC847
Added Member To Class: ClassName=FreidoraAireCukiMicro Member=Component Q5 BC847
Added Member To Class: ClassName=FreidoraAireCukiMicro Member=Component Q6 BC847
Added Member To Class: ClassName=FreidoraAireCukiMicro Member=Component Q7 BC847
Added Member To Class: ClassName=FreidoraAireCukiMicro Member=Component Q8 BC847
Added Member To Class: ClassName=FreidoraAireCukiMicro Member=Component Q9 BC847
Added Member To Class: ClassName=FreidoraAireCukiMicro Member=Component Q10 BC847
Added Member To Class: ClassName=FreidoraAireCukiMicro Member=Component Q11 BC847
Added Member To Class: ClassName=FreidoraAireCukiMicro Member=Component Q12 BC847
Added Member To Class: ClassName=FreidoraAireCukiMicro Member=Component R27 4k7
Added Member To Class: ClassName=FreidoraAireCukiMicro Member=Component R28 4k7
Added Member To Class: ClassName=FreidoraAireCukiMicro Member=Component R29 4k7
Added Member To Class: ClassName=FreidoraAireCukiMicro Member=Component R30 4k7
Added Member To Class: ClassName=FreidoraAireCukiMicro Member=Component R31 4k7
Added Member To Class: ClassName=FreidoraAireCukiMicro Member=Component R32 4k7
Added Member To Class: ClassName=FreidoraAireCukiMicro Member=Component R33 4k7
Added Member To Class: ClassName=FreidoraAireCukiMicro Member=Component R34 4k7
Added Member To Class: ClassName=FreidoraAireCukiMicro Member=Component R35 4k7
Added Member To Class: ClassName=FreidoraAireCukiDigLeds Member=Component SW1 -
Added Member To Class: ClassName=FreidoraAireCukiDigLeds Member=Component SW2 +
Added Member To Class: ClassName=FreidoraAireCukiDigLeds Member=Component SW3 ON/OFF
Added Member To Class: ClassName=FreidoraAireCukiDigLeds Member=Component SW4 TIEMPO
Added Member To Class: ClassName=FreidoraAireCukiDigLeds Member=Component SW5 MODO
