Change Component Comment : Designator=R2 Old Comment=RES1 New Comment=10K
Change Component Comment : Designator=R3 Old Comment=RES1 New Comment=10K
Change Component Comment : Designator=R4 Old Comment=RES1 New Comment=10K
Change Component Comment : Designator=R5 Old Comment=RES1 New Comment=10K
Change Component Comment : Designator=R9 Old Comment=RES1 New Comment=10K
Change Component Comment : Designator=R10 Old Comment=RES1 New Comment=470
Change Component Comment : Designator=R11 Old Comment=RES1 New Comment=470
Change Component Comment : Designator=R12 Old Comment=RES1 New Comment=470
Change Component Comment : Designator=R13 Old Comment=RES1 New Comment=470
Change Component Comment : Designator=R14 Old Comment=RES1 New Comment=470
Change Component Comment : Designator=R15 Old Comment=RES1 New Comment=470
Change Component Comment : Designator=R16 Old Comment=RES1 New Comment=470
Change Component Comment : Designator=R17 Old Comment=RES1 New Comment=470
Change Component Comment : Designator=R18 Old Comment=RES1 New Comment=470
Change Component Comment : Designator=R19 Old Comment=RES1 New Comment=470
Change Component Comment : Designator=R20 Old Comment=RES1 New Comment=470
Change Component Comment : Designator=R21 Old Comment=RES1 New Comment=470
Change Component Comment : Designator=R22 Old Comment=RES1 New Comment=470
Change Component Comment : Designator=R23 Old Comment=RES1 New Comment=470
Change Component Comment : Designator=R24 Old Comment=RES1 New Comment=470
Change Component Comment : Designator=R25 Old Comment=RES1 New Comment=470
Change Component Comment : Designator=R26 Old Comment=RES1 New Comment=470
Added Component: Designator=C142(C-0805_N)
Added Pin To Net: NetName=GND Pin=C142-1
Added Pin To Net: NetName=VCC Pin=C142-2
Added Net: Name=A
Added Net: Name=B
Added Net: Name=C
Added Net: Name=DP
Added Net: Name=D
Added Net: Name=E
Added Net: Name=F
Added Net: Name=G
Added Net: Name=NetC9_1
Added Net: Name=NetQ13_1
Added Net: Name=NetQ14_1
Added Net: Name=NetQ15_1
Added Net: Name=NetQ16_1
Added Net: Name=NetQ17_1
Added Net: Name=NetQ18_1
Added Net: Name=NetQ19_1
Added Net: Name=NetQ20_1
Added Net: Name=NTC_10K
Added Net: Name=TEMPERATURA
Added Member To Class: ClassName=FreidoraAireCukiDigLeds Member=Component C142 10uF
