Removed Pin From Net: NetName=LED1 Pin=R27-2
Removed Pin From Net: NetName=LED2 Pin=U1-5
Removed Pin From Net: NetName=E Pin=U1-14
Removed Pin From Net: NetName=F Pin=U1-15
Removed Pin From Net: NetName=LED3 Pin=U1-16
Removed Pin From Net: NetName=LED4 Pin=U1-17
Removed Pin From Net: NetName=A Pin=U1-18
Removed Pin From Net: NetName=DIGITO1 Pin=U1-20
Removed Pin From Net: NetName=LED1 Pin=U1-26
Removed Pin From Net: NetName=LED5 Pin=U1-39
Removed Pin From Net: NetName=LED6 Pin=U1-53
Removed Pin From Net: NetName=LED7 Pin=U1-54
Removed Pin From Net: NetName=HEAT Pin=U1-55
Removed Pin From Net: NetName=FAN Pin=U1-56
Removed Pin From Net: NetName=BUZZER Pin=U1-57
Removed Pin From Net: NetName=D Pin=U1-60
Added Pin To Net: NetName=DP Pin=U1-16
Added Pin To Net: NetName=E Pin=U1-17
Added Pin To Net: NetName=D Pin=U1-18
Added Pin To Net: NetName=F Pin=U1-22
Added Pin To Net: NetName=A Pin=U1-29
Added Pin To Net: NetName=DIGITO1 Pin=U1-30
Added Pin To Net: NetName=LED2 Pin=U1-32
Added Pin To Net: NetName=LED1 Pin=U1-33
Added Pin To Net: NetName=LED5 Pin=U1-34
Added Pin To Net: NetName=LED9 Pin=U1-35
Added Pin To Net: NetName=LED6 Pin=U1-36
Added Pin To Net: NetName=HEAT Pin=U1-37
Added Pin To Net: NetName=FAN Pin=U1-38
Added Pin To Net: NetName=BUZZER Pin=U1-39
