Added Component: Designator=Q13(SOT23_N)
Added Component: Designator=Q14(SOT23_N)
Added Component: Designator=Q15(SOT23_N)
Added Component: Designator=Q16(SOT23_N)
Added Component: Designator=Q17(SOT23_N)
Added Component: Designator=Q18(SOT23_BOTTOM)
Added Component: Designator=Q19(SOT23_N)
Added Component: Designator=Q20(SOT23_N)
Added Pin To Net: NetName=NetQ13_1 Pin=Q13-1
Added Pin To Net: NetName=VCC Pin=Q13-2
Added Pin To Net: NetName=SEG_A Pin=Q13-3
Added Pin To Net: NetName=NetQ14_1 Pin=Q14-1
Added Pin To Net: NetName=VCC Pin=Q14-2
Added Pin To Net: NetName=SEG_B Pin=Q14-3
Added Pin To Net: NetName=NetQ15_1 Pin=Q15-1
Added Pin To Net: NetName=VCC Pin=Q15-2
Added Pin To Net: NetName=SEG_C Pin=Q15-3
Added Pin To Net: NetName=NetQ16_1 Pin=Q16-1
Added Pin To Net: NetName=VCC Pin=Q16-2
Added Pin To Net: NetName=SEG_D Pin=Q16-3
Added Pin To Net: NetName=NetQ17_1 Pin=Q17-1
Added Pin To Net: NetName=VCC Pin=Q17-2
Added Pin To Net: NetName=SEG_E Pin=Q17-3
Added Pin To Net: NetName=NetQ18_1 Pin=Q18-1
Added Pin To Net: NetName=VCC Pin=Q18-2
Added Pin To Net: NetName=SEG_F Pin=Q18-3
Added Pin To Net: NetName=NetQ19_1 Pin=Q19-1
Added Pin To Net: NetName=VCC Pin=Q19-2
Added Pin To Net: NetName=SEG_G Pin=Q19-3
Added Pin To Net: NetName=NetQ20_1 Pin=Q20-1
Added Pin To Net: NetName=VCC Pin=Q20-2
Added Pin To Net: NetName=SEG_DP Pin=Q20-3
Added Member To Class: ClassName=FreidoraAireCukiMicro Member=Component Q13 BC857
Added Member To Class: ClassName=FreidoraAireCukiMicro Member=Component Q14 BC857
Added Member To Class: ClassName=FreidoraAireCukiMicro Member=Component Q15 BC857
Added Member To Class: ClassName=FreidoraAireCukiMicro Member=Component Q16 BC857
Added Member To Class: ClassName=FreidoraAireCukiMicro Member=Component Q17 BC857
Added Member To Class: ClassName=FreidoraAireCukiMicro Member=Component Q18 BC857
Added Member To Class: ClassName=FreidoraAireCukiMicro Member=Component Q19 BC857
Added Member To Class: ClassName=FreidoraAireCukiMicro Member=Component Q20 BC857
