Added Pin To Net: NetName=GND Pin=C12-1
Added Pin To Net: NetName=VCC Pin=C12-2
Added Pin To Net: NetName=GND Pin=C13-1
Added Pin To Net: NetName=VCC Pin=C13-2
Added Pin To Net: NetName=DIGITO1 Pin=CN2-1
Added Pin To Net: NetName=LED2_DR Pin=CN2-2
Added Pin To Net: NetName=SEG_A Pin=CN2-3
Added Pin To Net: NetName=LED1_DR Pin=CN2-4
Added Pin To Net: NetName=SEG_F Pin=CN2-5
Added Pin To Net: NetName=LED5_DR Pin=CN2-6
Added Pin To Net: NetName=SEG_D Pin=CN2-7
Added Pin To Net: NetName=LED9_DR Pin=CN2-8
Added Pin To Net: NetName=SEG_E Pin=CN2-9
Added Pin To Net: NetName=LED6_DR Pin=CN2-10
Added Pin To Net: NetName=SEG_DP Pin=CN2-11
Added Pin To Net: NetName=SUBIR Pin=CN2-13
Added Pin To Net: NetName=BAJAR Pin=CN2-14
Added Pin To Net: NetName=VCC Pin=CN2-15
Added Pin To Net: NetName=GND Pin=CN2-16
Added Pin To Net: NetName=LED8_DR Pin=CN3-1
Added Pin To Net: NetName=DIGITO2 Pin=CN3-2
Added Pin To Net: NetName=LED7_DR Pin=CN3-3
Added Pin To Net: NetName=SEG_B Pin=CN3-4
Added Pin To Net: NetName=DIGITO3 Pin=CN3-6
Added Pin To Net: NetName=SEG_C Pin=CN3-8
Added Pin To Net: NetName=SEG_G Pin=CN3-10
Added Pin To Net: NetName=LED3_DR Pin=CN3-12
Added Pin To Net: NetName=ONOFF Pin=CN3-13
Added Pin To Net: NetName=LED4_DR Pin=CN3-14
Added Pin To Net: NetName=TIEMPO Pin=CN3-15
Added Pin To Net: NetName=MODO Pin=CN3-16
Added Pin To Net: NetName=NetDG1_1 Pin=DG1-1
Added Pin To Net: NetName=NetDG1_2 Pin=DG1-2
Added Pin To Net: NetName=NetDG1_3 Pin=DG1-3
Added Pin To Net: NetName=NetDG1_4 Pin=DG1-4
Added Pin To Net: NetName=NetDG1_5 Pin=DG1-5
Added Pin To Net: NetName=NetDG1_7 Pin=DG1-7
Added Pin To Net: NetName=DIG3 Pin=DG1-8
Added Pin To Net: NetName=DIG2 Pin=DG1-9
Added Pin To Net: NetName=NetDG1_10 Pin=DG1-10
Added Pin To Net: NetName=NetDG1_11 Pin=DG1-11
Added Pin To Net: NetName=DIG1 Pin=DG1-12
Added Pin To Net: NetName=NetLED1_1 Pin=LED1-1
Added Pin To Net: NetName=LED1_DR Pin=LED1-2
Added Pin To Net: NetName=NetLED2_1 Pin=LED2-1
Added Pin To Net: NetName=LED2_DR Pin=LED2-2
Added Pin To Net: NetName=NetLED3_1 Pin=LED3-1
Added Pin To Net: NetName=LED3_DR Pin=LED3-2
Added Pin To Net: NetName=NetLED4_1 Pin=LED4-1
Added Pin To Net: NetName=LED4_DR Pin=LED4-2
Added Pin To Net: NetName=NetLED5_1 Pin=LED5-1
Added Pin To Net: NetName=LED5_DR Pin=LED5-2
Added Pin To Net: NetName=NetLED6_1 Pin=LED6-1
Added Pin To Net: NetName=LED6_DR Pin=LED6-2
Added Pin To Net: NetName=NetLED7_1 Pin=LED7-1
Added Pin To Net: NetName=LED7_DR Pin=LED7-2
Added Pin To Net: NetName=NetLED8_1 Pin=LED8-1
Added Pin To Net: NetName=LED8_DR Pin=LED8-2
Added Pin To Net: NetName=NetLED9_1 Pin=LED9-1
Added Pin To Net: NetName=LED9_DR Pin=LED9-2
Added Pin To Net: NetName=NetQ1_1 Pin=Q1-1
Added Pin To Net: NetName=GND Pin=Q1-2
Added Pin To Net: NetName=DIG1 Pin=Q1-3
Added Pin To Net: NetName=NetQ2_1 Pin=Q2-1
Added Pin To Net: NetName=GND Pin=Q2-2
Added Pin To Net: NetName=DIG2 Pin=Q2-3
Added Pin To Net: NetName=NetQ3_1 Pin=Q3-1
Added Pin To Net: NetName=GND Pin=Q3-2
Added Pin To Net: NetName=DIG3 Pin=Q3-3
Added Pin To Net: NetName=SUBIR Pin=R2-1
Added Pin To Net: NetName=VCC Pin=R2-2
Added Pin To Net: NetName=BAJAR Pin=R3-1
Added Pin To Net: NetName=VCC Pin=R3-2
Added Pin To Net: NetName=ONOFF Pin=R4-1
Added Pin To Net: NetName=VCC Pin=R4-2
Added Pin To Net: NetName=TIEMPO Pin=R5-1
Added Pin To Net: NetName=VCC Pin=R5-2
Added Pin To Net: NetName=DIGITO2 Pin=R6-1
Added Pin To Net: NetName=NetQ2_1 Pin=R6-2
Added Pin To Net: NetName=DIGITO1 Pin=R7-1
Added Pin To Net: NetName=NetQ1_1 Pin=R7-2
Added Pin To Net: NetName=DIGITO3 Pin=R8-1
Added Pin To Net: NetName=NetQ3_1 Pin=R8-2
Added Pin To Net: NetName=MODO Pin=R9-1
Added Pin To Net: NetName=VCC Pin=R9-2
Added Pin To Net: NetName=NetDG1_11 Pin=R10-1
Added Pin To Net: NetName=SEG_A Pin=R10-2
Added Pin To Net: NetName=NetDG1_7 Pin=R11-1
Added Pin To Net: NetName=SEG_B Pin=R11-2
Added Pin To Net: NetName=NetDG1_10 Pin=R12-1
Added Pin To Net: NetName=SEG_F Pin=R12-2
Added Pin To Net: NetName=NetLED4_1 Pin=R13-1
Added Pin To Net: NetName=VCC Pin=R13-2
Added Pin To Net: NetName=NetLED1_1 Pin=R14-1
Added Pin To Net: NetName=VCC Pin=R14-2
Added Pin To Net: NetName=NetLED2_1 Pin=R15-1
Added Pin To Net: NetName=VCC Pin=R15-2
Added Pin To Net: NetName=NetLED3_1 Pin=R16-1
Added Pin To Net: NetName=VCC Pin=R16-2
Added Pin To Net: NetName=SEG_E Pin=R17-1
Added Pin To Net: NetName=NetDG1_1 Pin=R17-2
Added Pin To Net: NetName=SEG_D Pin=R18-1
Added Pin To Net: NetName=NetDG1_2 Pin=R18-2
Added Pin To Net: NetName=SEG_DP Pin=R19-1
Added Pin To Net: NetName=NetDG1_3 Pin=R19-2
Added Pin To Net: NetName=SEG_C Pin=R20-1
Added Pin To Net: NetName=NetDG1_4 Pin=R20-2
Added Pin To Net: NetName=SEG_G Pin=R21-1
Added Pin To Net: NetName=NetDG1_5 Pin=R21-2
Added Pin To Net: NetName=NetLED5_1 Pin=R22-1
Added Pin To Net: NetName=VCC Pin=R22-2
Added Pin To Net: NetName=NetLED6_1 Pin=R23-1
Added Pin To Net: NetName=VCC Pin=R23-2
Added Pin To Net: NetName=NetLED7_1 Pin=R24-1
Added Pin To Net: NetName=VCC Pin=R24-2
Added Pin To Net: NetName=NetLED8_1 Pin=R25-1
Added Pin To Net: NetName=VCC Pin=R25-2
Added Pin To Net: NetName=NetLED9_1 Pin=R26-1
Added Pin To Net: NetName=VCC Pin=R26-2
Added Pin To Net: NetName=BAJAR Pin=SW1-1
Added Pin To Net: NetName=GND Pin=SW1-2
Added Pin To Net: NetName=SUBIR Pin=SW2-1
Added Pin To Net: NetName=GND Pin=SW2-2
Added Pin To Net: NetName=ONOFF Pin=SW3-1
Added Pin To Net: NetName=GND Pin=SW3-2
Added Pin To Net: NetName=TIEMPO Pin=SW4-1
Added Pin To Net: NetName=GND Pin=SW4-2
Added Pin To Net: NetName=MODO Pin=SW5-1
Added Pin To Net: NetName=GND Pin=SW5-2
Added Net: Name=A
Added Net: Name=B
Added Net: Name=C
Added Net: Name=DP
Added Net: Name=D
Added Net: Name=E
Added Net: Name=F
Added Net: Name=G
Added Net: Name=NetC9_1
Added Net: Name=NetQ13_1
Added Net: Name=NetQ14_1
Added Net: Name=NetQ15_1
Added Net: Name=NetQ16_1
Added Net: Name=NetQ17_1
Added Net: Name=NetQ18_1
Added Net: Name=NetQ19_1
Added Net: Name=NetQ20_1
Added Net: Name=NTC_10K
Added Net: Name=TEMPERATURA
Added Class: Name=FreidoraAireCukiMicro
Added Member To Class: ClassName=FreidoraAireCukiDigLeds Member=Component C13 10uF
Added Member To Class: ClassName=FreidoraAireCukiDigLeds Member=Component CN2 HEADER 8X2
Added Member To Class: ClassName=FreidoraAireCukiDigLeds Member=Component CN3 HEADER 8X2
Added Member To Class: ClassName=FreidoraAireCukiDigLeds Member=Component DG1 5121CG-HG
Added Member To Class: ClassName=FreidoraAireCukiDigLeds Member=Component LED1 LED
Added Member To Class: ClassName=FreidoraAireCukiDigLeds Member=Component LED2 LED
Added Member To Class: ClassName=FreidoraAireCukiDigLeds Member=Component LED3 LED
Added Member To Class: ClassName=FreidoraAireCukiDigLeds Member=Component LED4 LED
Added Member To Class: ClassName=FreidoraAireCukiDigLeds Member=Component LED5 LED
Added Member To Class: ClassName=FreidoraAireCukiDigLeds Member=Component LED6 LED
Added Member To Class: ClassName=FreidoraAireCukiDigLeds Member=Component LED7 LED
Added Member To Class: ClassName=FreidoraAireCukiDigLeds Member=Component LED8 LED
Added Member To Class: ClassName=FreidoraAireCukiDigLeds Member=Component LED9 LED
Added Member To Class: ClassName=FreidoraAireCukiDigLeds Member=Component Q1 BC847
Added Member To Class: ClassName=FreidoraAireCukiDigLeds Member=Component Q2 BC847
Added Member To Class: ClassName=FreidoraAireCukiDigLeds Member=Component Q3 BC847
Added Member To Class: ClassName=FreidoraAireCukiDigLeds Member=Component R2 RES1
Added Member To Class: ClassName=FreidoraAireCukiDigLeds Member=Component R3 RES1
Added Member To Class: ClassName=FreidoraAireCukiDigLeds Member=Component R4 RES1
Added Member To Class: ClassName=FreidoraAireCukiDigLeds Member=Component R5 RES1
Added Member To Class: ClassName=FreidoraAireCukiDigLeds Member=Component R6 2K7
Added Member To Class: ClassName=FreidoraAireCukiDigLeds Member=Component R7 4K7
Added Member To Class: ClassName=FreidoraAireCukiDigLeds Member=Component R8 2K7
Added Member To Class: ClassName=FreidoraAireCukiDigLeds Member=Component R9 RES1
Added Member To Class: ClassName=FreidoraAireCukiDigLeds Member=Component R10 RES1
Added Member To Class: ClassName=FreidoraAireCukiDigLeds Member=Component R11 RES1
Added Member To Class: ClassName=FreidoraAireCukiDigLeds Member=Component R12 RES1
Added Member To Class: ClassName=FreidoraAireCukiDigLeds Member=Component R13 RES1
Added Member To Class: ClassName=FreidoraAireCukiDigLeds Member=Component R14 RES1
Added Member To Class: ClassName=FreidoraAireCukiDigLeds Member=Component R15 RES1
Added Member To Class: ClassName=FreidoraAireCukiDigLeds Member=Component R16 RES1
Added Member To Class: ClassName=FreidoraAireCukiDigLeds Member=Component R17 RES1
Added Member To Class: ClassName=FreidoraAireCukiDigLeds Member=Component R18 RES1
Added Member To Class: ClassName=FreidoraAireCukiDigLeds Member=Component R19 RES1
Added Member To Class: ClassName=FreidoraAireCukiDigLeds Member=Component R20 RES1
Added Member To Class: ClassName=FreidoraAireCukiDigLeds Member=Component R21 RES1
Added Member To Class: ClassName=FreidoraAireCukiDigLeds Member=Component R22 RES1
Added Member To Class: ClassName=FreidoraAireCukiDigLeds Member=Component R23 RES1
Added Member To Class: ClassName=FreidoraAireCukiDigLeds Member=Component R24 RES1
Added Member To Class: ClassName=FreidoraAireCukiDigLeds Member=Component R25 RES1
Added Member To Class: ClassName=FreidoraAireCukiDigLeds Member=Component R26 RES1
Added Member To Class: ClassName=FreidoraAireCukiDigLeds Member=Component SW1 -
Added Member To Class: ClassName=FreidoraAireCukiDigLeds Member=Component SW2 +
Added Member To Class: ClassName=FreidoraAireCukiDigLeds Member=Component SW3 ON/OFF
Added Member To Class: ClassName=FreidoraAireCukiDigLeds Member=Component SW4 TIEMPO
Added Member To Class: ClassName=FreidoraAireCukiDigLeds Member=Component SW5 MODO
Added Member To Class: ClassName=FreidoraAireCukiDigLeds Member=Component TORR1 
Added Member To Class: ClassName=FreidoraAireCukiDigLeds Member=Component TORR2 
Added Member To Class: ClassName=FreidoraAireCukiDigLeds Member=Component TORR3 
Added Room: Name=FreidoraAireCukiMicro
