Removed Pin From Net: NetName=SEG_G Pin=U1-1
Removed Pin From Net: NetName=SEG_DP Pin=U1-2
Removed Pin From Net: NetName=SEG_E Pin=U1-14
Removed Pin From Net: NetName=SEG_F Pin=U1-15
Removed Pin From Net: NetName=SEG_A Pin=U1-18
Removed Pin From Net: NetName=SEG_B Pin=U1-19
Removed Pin From Net: NetName=SEG_C Pin=U1-59
Removed Pin From Net: NetName=SEG_D Pin=U1-60
Added Component: Designator=R36(R-0805_N)
Added Component: Designator=R37(R-0805_N)
Added Component: Designator=R38(R-0805_N)
Added Component: Designator=R39(R-0805_N)
Added Component: Designator=R40(R-0805_N)
Added Component: Designator=R41(R-0805_N)
Added Component: Designator=R42(R-0805_N)
Added Component: Designator=R43(R-0805_N)
Added Component: Designator=R44(R-0805_N)
Added Component: Designator=R45(R-0805_N)
Added Component: Designator=R46(R-0805_N)
Added Component: Designator=R47(R-0805_N)
Added Component: Designator=R48(R-0805_N)
Added Component: Designator=R49(R-0805_N)
Added Component: Designator=R50(R-0805_N)
Added Component: Designator=R51(R-0805_N)
Added Pin To Net: NetName=VCC Pin=R36-2
Added Pin To Net: NetName=VCC Pin=R38-2
Added Pin To Net: NetName=VCC Pin=R40-2
Added Pin To Net: NetName=VCC Pin=R42-2
Added Pin To Net: NetName=VCC Pin=R44-2
Added Pin To Net: NetName=VCC Pin=R46-2
Added Pin To Net: NetName=VCC Pin=R48-2
Added Pin To Net: NetName=VCC Pin=R50-2
Added Pin To Net: NetName=A Pin=R36-1
Added Pin To Net: NetName=A Pin=R37-1
Added Pin To Net: NetName=A Pin=U1-18
Added Net: Name=A
Added Pin To Net: NetName=B Pin=R38-1
Added Pin To Net: NetName=B Pin=R39-1
Added Pin To Net: NetName=B Pin=U1-19
Added Net: Name=B
Added Pin To Net: NetName=C Pin=R40-1
Added Pin To Net: NetName=C Pin=R41-1
Added Pin To Net: NetName=C Pin=U1-59
Added Net: Name=C
Added Pin To Net: NetName=DP Pin=R50-1
Added Pin To Net: NetName=DP Pin=R51-1
Added Pin To Net: NetName=DP Pin=U1-2
Added Net: Name=DP
Added Pin To Net: NetName=D Pin=R42-1
Added Pin To Net: NetName=D Pin=R43-1
Added Pin To Net: NetName=D Pin=U1-60
Added Net: Name=D
Added Pin To Net: NetName=E Pin=R44-1
Added Pin To Net: NetName=E Pin=R45-1
Added Pin To Net: NetName=E Pin=U1-14
Added Net: Name=E
Added Pin To Net: NetName=F Pin=R46-1
Added Pin To Net: NetName=F Pin=R47-1
Added Pin To Net: NetName=F Pin=U1-15
Added Net: Name=F
Added Pin To Net: NetName=G Pin=R48-1
Added Pin To Net: NetName=G Pin=R49-1
Added Pin To Net: NetName=G Pin=U1-1
Added Net: Name=G
Added Pin To Net: NetName=NetQ13_1 Pin=R37-2
Added Net: Name=NetQ13_1
Added Pin To Net: NetName=NetQ14_1 Pin=R39-2
Added Net: Name=NetQ14_1
Added Pin To Net: NetName=NetQ15_1 Pin=R41-2
Added Net: Name=NetQ15_1
Added Pin To Net: NetName=NetQ16_1 Pin=R43-2
Added Net: Name=NetQ16_1
Added Pin To Net: NetName=NetQ17_1 Pin=R45-2
Added Net: Name=NetQ17_1
Added Pin To Net: NetName=NetQ18_1 Pin=R47-2
Added Net: Name=NetQ18_1
Added Pin To Net: NetName=NetQ19_1 Pin=R49-2
Added Net: Name=NetQ19_1
Added Pin To Net: NetName=NetQ20_1 Pin=R51-2
Added Net: Name=NetQ20_1
Added Member To Class: ClassName=FreidoraAireCukiMicro Member=Component R36 4k7
Added Member To Class: ClassName=FreidoraAireCukiMicro Member=Component R37 4k7
Added Member To Class: ClassName=FreidoraAireCukiMicro Member=Component R38 4k7
Added Member To Class: ClassName=FreidoraAireCukiMicro Member=Component R39 4k7
Added Member To Class: ClassName=FreidoraAireCukiMicro Member=Component R40 4k7
Added Member To Class: ClassName=FreidoraAireCukiMicro Member=Component R41 4k7
Added Member To Class: ClassName=FreidoraAireCukiMicro Member=Component R42 4k7
Added Member To Class: ClassName=FreidoraAireCukiMicro Member=Component R43 4k7
Added Member To Class: ClassName=FreidoraAireCukiMicro Member=Component R44 4k7
Added Member To Class: ClassName=FreidoraAireCukiMicro Member=Component R45 4k7
Added Member To Class: ClassName=FreidoraAireCukiMicro Member=Component R46 4k7
Added Member To Class: ClassName=FreidoraAireCukiMicro Member=Component R47 4k7
Added Member To Class: ClassName=FreidoraAireCukiMicro Member=Component R48 4k7
Added Member To Class: ClassName=FreidoraAireCukiMicro Member=Component R49 4k7
Added Member To Class: ClassName=FreidoraAireCukiMicro Member=Component R50 4k7
Added Member To Class: ClassName=FreidoraAireCukiMicro Member=Component R51 4k7
