Removed Pin From Net: NetName=LED2_DR Pin=CN2-1
Removed Pin From Net: NetName=LED1_DR Pin=CN2-2
Removed Pin From Net: NetName=DIGITO1 Pin=CN2-3
Removed Pin From Net: NetName=LED5_DR Pin=CN2-4
Removed Pin From Net: NetName=SEG_A Pin=CN2-5
Removed Pin From Net: NetName=LED9_DR Pin=CN2-6
Removed Pin From Net: NetName=SEG_F Pin=CN2-7
Removed Pin From Net: NetName=LED6_DR Pin=CN2-8
Removed Pin From Net: NetName=SEG_D Pin=CN2-9
Removed Pin From Net: NetName=SEG_E Pin=CN2-11
Removed Pin From Net: NetName=SEG_DP Pin=CN2-13
Added Pin To Net: NetName=DIGITO1 Pin=CN2-1
Added Pin To Net: NetName=LED2_DR Pin=CN2-2
Added Pin To Net: NetName=SEG_A Pin=CN2-3
Added Pin To Net: NetName=LED1_DR Pin=CN2-4
Added Pin To Net: NetName=SEG_F Pin=CN2-5
Added Pin To Net: NetName=LED5_DR Pin=CN2-6
Added Pin To Net: NetName=SEG_D Pin=CN2-7
Added Pin To Net: NetName=LED9_DR Pin=CN2-8
Added Pin To Net: NetName=SEG_E Pin=CN2-9
Added Pin To Net: NetName=LED6_DR Pin=CN2-10
Added Pin To Net: NetName=SEG_DP Pin=CN2-11
Added Pin To Net: NetName=SUBIR Pin=CN2-13
Added Pin To Net: NetName=BAJAR Pin=CN2-14
Added Pin To Net: NetName=ONOFF Pin=CN3-13
