Removed Pin From Net: NetName=NetH1_2 Pin=H1-2
Change Component Comment : Designator=H1 Old Comment=NTC New Comment=NTC 100K
Added Component: Designator=C9(C-0805_N)
Added Component: Designator=H2(SIP2)
Added Component: Designator=R52(R-0805_N)
Added Component: Designator=R53(R-0805_N)
Added Pin To Net: NetName=VCC Pin=C9-2
Added Pin To Net: NetName=AGND Pin=H2-2
Added Pin To Net: NetName=NetH1_2 Pin=R52-2
Added Pin To Net: NetName=AGND Pin=R53-1
Change Net Name : Old Net Name=NetH1_2 New Net Name=TEMPERATURA
Added Pin To Net: NetName=NetC9_1 Pin=C9-1
Added Pin To Net: NetName=NetC9_1 Pin=H1-2
Added Pin To Net: NetName=NetC9_1 Pin=R52-1
Added Pin To Net: NetName=NetC9_1 Pin=R53-2
Added Net: Name=NetC9_1
Added Pin To Net: NetName=NTC_10K Pin=H2-1
Added Pin To Net: NetName=NTC_10K Pin=U1-50
Added Net: Name=NTC_10K
Added Member To Class: ClassName=FreidoraAireCukiMicro Member=Component H2 NTC 10K
Added Member To Class: ClassName=FreidoraAireCukiMicro Member=Component R52 680
Added Member To Class: ClassName=FreidoraAireCukiMicro Member=Component R53 10K
